MIG: 20:23:37 : Running customizer.xit
MIG: 20:23:37 : ################# RUNNING MIG INTERACTIVE ###################
MIG: 20:23:37 : Writing IN file for 'mig_7series_0'...compDirPath: /vivado/opt/Vivado/2015.3/data/ip/xilinx/mig_7series_v2_4... instDirPath: /home/mj/git-src/repo/ellsworth_cpu/.Xil/Vivado-36650-mint-2015/coregen/mig_7series_0
MIG: 20:23:37 : synp_flow:  -- synthesis_mode: Other
MIG: 20:23:37 : outputDirectory: /home/mj/git-src/repo/ellsworth_cpu/.Xil/Vivado-36650-mint-2015/coregen/mig_7series_0/_tmp/
MIG: 20:23:37 : vivado_mode: xpg_pa
MIG: 20:23:37 :  locked false  
MIG: 20:23:37 : HDL Language: VHDL
MIG: 20:23:37 : compInfo: true
MIG: 20:23:37 : relative mig path: coregen/ip/xilinx/other/com/xilinx/ip/mig_7series_v2_4/bin/lin64/mig
MIG: 20:23:37 : xilinx_path: /vivado/opt/Vivado/2015.3/ids_lite/ISE
MIG: 20:23:37 : I am in catch area
MIG: 20:23:37 : Running /vivado/opt/Vivado/2015.3/ids_lite/ISE/coregen/ip/xilinx/other/com/xilinx/ip/mig_7series_v2_4/bin/lin64/mig -cg_exc_inp /home/mj/git-src/repo/ellsworth_cpu/.Xil/Vivado-36650-mint-2015/coregen/mig_7series_0/xil_txt.in -cg_exc_out /home/mj/git-src/repo/ellsworth_cpu/.Xil/Vivado-36650-mint-2015/coregen/mig_7series_0/xil_txt.out ... 
MIG: 20:47:05 : Prasad before: xmlPropertyPrj --  .prj
MIG: 20:47:05 : Prasad After: xmlPropertyPrj -- mig_a.prj
MIG: 20:47:05 : XML_INPUT_FILE: /home/mj/git-src/repo/ellsworth_cpu/.Xil/Vivado-36650-mint-2015/coregen/mig_7series_0/mig_a.prj
MIG: 20:47:05 : Component_Name: mig_7series_0
MIG: 20:47:05 : Moving mig_7series_0.vho ...
MIG: 20:47:05 : Moving mig_7series_0_xmdf.tcl ...
MIG: 20:47:05 : Moving mig_7series_0 ...
MIG: 20:47:05 : Sending back 0
MIG: 20:47:08 : xml_input_file: mig_a.prj
MIG: 20:47:08 : Absolute path of xml_input_file: /home/mj/git-src/repo/ellsworth_cpu/ellsworth_cpu.srcs/sources_1/ip/mig_7series_0/mig_a.prj
MIG: 20:47:08 : xml_input_file: mig_a.prj
MIG: 20:47:08 : Absolute path of xml_input_file: /home/mj/git-src/repo/ellsworth_cpu/ellsworth_cpu.srcs/sources_1/ip/mig_7series_0/mig_a.prj
MIG: 20:47:08 : In updateAllModelParams
MIG: 20:47:08 : IGN:     <ModuleName>mig_7series_0</ModuleName> <==>     <ModuleName>mig_7series_0</ModuleName> 
MIG: 20:47:08 : IGN:         <InputClkFreq>160</InputClkFreq> <==>         <InputClkFreq>160</InputClkFreq> 
MIG: 20:47:08 : XGUI hdlLanguage: VHDL
MIG: 20:47:08 : xgui vivado_mode: xpg_pa
MIG: 20:47:08 : xgui hdlLanguage: VHDL -- hdlExt: vhd
MIG: 20:47:08 : Reading /home/mj/git-src/repo/ellsworth_cpu/ellsworth_cpu.srcs/sources_1/ip/mig_7series_0/mig_7series_0/user_design/rtl/mig_7series_0_mig.vhd ...
MIG: 20:47:08 : 1
MIG: 20:47:08 : Inside fn mem: DDR3
MIG: 20:47:08 : QDRII+ Inside fn ui: 100000000
MIG: 20:47:08 : cntrl:  memtype: DDR3
MIG: 20:47:08 : 800
MIG: 20:47:08 :  MMCM_VCO single ctrl param_name: MMCM_VCO --  possibleMaxVcoVal: 800 
MIG: 20:47:08 : 
MIG: 20:47:08 : 
MIG: 20:47:08 : 100000000
MIG: 20:47:08 : 
MIG: 20:47:08 :  polarity_value: 0
MIG: 20:47:08 : ACTIVE_HIGH
MIG: 20:47:08 : EXTERNAL
MIG: 20:47:08 : cntrl:  memtype: DDR3
MIG: 20:47:08 : 
MIG: 20:47:08 :  Valid Param: DDR3_BANK_WIDTH ==> 3
MIG: 20:47:08 : 
MIG: 20:47:08 :  Valid Param: DDR3_CK_WIDTH ==> 1
MIG: 20:47:08 :  Invalid Param: DDR3_COL_WIDTH ==> 10
MIG: 20:47:08 : 
MIG: 20:47:08 :  Valid Param: DDR3_CS_WIDTH ==> 1
MIG: 20:47:08 : 
MIG: 20:47:08 :  Valid Param: DDR3_nCS_PER_RANK ==> 1
MIG: 20:47:08 : 
MIG: 20:47:08 :  Valid Param: DDR3_CKE_WIDTH ==> 1
MIG: 20:47:08 :  Invalid Param: DDR3_DATA_BUF_ADDR_WIDTH ==> 5
MIG: 20:47:08 :  Invalid Param: DDR3_DQ_CNT_WIDTH ==> 4
MIG: 20:47:08 :  Invalid Param: DDR3_DQ_PER_DM ==> 8
MIG: 20:47:08 : 2
MIG: 20:47:08 :  Valid Param: DDR3_DM_WIDTH ==> 2
MIG: 20:47:08 : 16
MIG: 20:47:08 :  Valid Param: DDR3_DQ_WIDTH ==> 16
MIG: 20:47:08 : 2
MIG: 20:47:08 :  Valid Param: DDR3_DQS_WIDTH ==> 2
MIG: 20:47:08 : 
MIG: 20:47:08 :  Valid Param: DDR3_DQS_CNT_WIDTH ==> 1
MIG: 20:47:08 :  Invalid Param: DDR3_DRAM_WIDTH ==> 8
MIG: 20:47:08 : 
MIG: 20:47:08 :  Valid Param: ECC ==> OFF
MIG: 20:47:08 :  Invalid Param: ECC_TEST ==> "OFF"
MIG: 20:47:08 : 16
MIG: 20:47:08 :  Valid Param: DDR3_DATA_WIDTH ==> 16
MIG: 20:47:08 :  Invalid Param: DDR3_PAYLOAD_WIDTH ==> 16
MIG: 20:47:08 :  Invalid Param: DDR3_MEM_ADDR_ORDER ==> "BANK_ROW_COLUMN"
MIG: 20:47:08 :  Invalid Param: DDR3_nBANK_MACHS ==> 4
MIG: 20:47:08 :  Invalid Param: DDR3_RANKS ==> 1
MIG: 20:47:08 : 
MIG: 20:47:08 :  Valid Param: DDR3_ODT_WIDTH ==> 1
MIG: 20:47:08 : 13
MIG: 20:47:08 :  Valid Param: DDR3_ROW_WIDTH ==> 13
MIG: 20:47:08 : 27
MIG: 20:47:08 :  Valid Param: DDR3_ADDR_WIDTH ==> 27
MIG: 20:47:08 : 
MIG: 20:47:08 :  Valid Param: DDR3_USE_CS_PORT ==> 1
MIG: 20:47:08 : 
MIG: 20:47:08 :  Valid Param: DDR3_USE_DM_PORT ==> 1
MIG: 20:47:08 : 
MIG: 20:47:08 :  Valid Param: DDR3_USE_ODT_PORT ==> 1
MIG: 20:47:08 :  Invalid Param: DDR3_PHY_CONTROL_MASTER_BANK ==> 0
MIG: 20:47:08 :  Invalid Param: DDR3_MEM_DENSITY ==> "1Gb"
MIG: 20:47:08 :  Invalid Param: DDR3_MEM_SPEEDGRADE ==> "15E"
MIG: 20:47:08 :  Invalid Param: DDR3_MEM_DEVICE_WIDTH ==> 16
MIG: 20:47:08 :  Invalid Param: DDR3_AL ==> "0"
MIG: 20:47:08 :  Invalid Param: DDR3_nAL ==> 0
MIG: 20:47:08 :  Invalid Param: DDR3_BURST_MODE ==> "8"
MIG: 20:47:08 :  Invalid Param: DDR3_BURST_TYPE ==> "SEQ"
MIG: 20:47:08 :  Invalid Param: DDR3_CL ==> 6
MIG: 20:47:08 :  Invalid Param: DDR3_CWL ==> 5
MIG: 20:47:08 :  Invalid Param: DDR3_OUTPUT_DRV ==> "LOW"
MIG: 20:47:08 :  Invalid Param: DDR3_RTT_NOM ==> "60"
MIG: 20:47:08 :  Invalid Param: DDR3_RTT_WR ==> "OFF"
MIG: 20:47:08 :  Invalid Param: DDR3_ADDR_CMD_MODE ==> "1T"
MIG: 20:47:08 : 
MIG: 20:47:08 :  Valid Param: DDR3_REG_CTRL ==> OFF
MIG: 20:47:08 :  Invalid Param: DDR3_CA_MIRROR ==> "OFF"
MIG: 20:47:08 :  Invalid Param: DDR3_VDD_OP_VOLT ==> "150"
MIG: 20:47:08 :  Invalid Param: DDR3_CLKIN_PERIOD ==> 6250
MIG: 20:47:08 :  Invalid Param: DDR3_CLKFBOUT_MULT ==> 5
MIG: 20:47:08 :  Invalid Param: DDR3_DIVCLK_DIVIDE ==> 1
MIG: 20:47:08 :  Invalid Param: DDR3_CLKOUT0_PHASE ==> 337.5
MIG: 20:47:08 :  Invalid Param: DDR3_CLKOUT0_DIVIDE ==> 2
MIG: 20:47:08 :  Invalid Param: DDR3_CLKOUT1_DIVIDE ==> 2
MIG: 20:47:08 :  Invalid Param: DDR3_CLKOUT2_DIVIDE ==> 32
MIG: 20:47:08 :  Invalid Param: DDR3_CLKOUT3_DIVIDE ==> 8
MIG: 20:47:08 :  Invalid Param: DDR3_MMCM_VCO ==> 800
MIG: 20:47:08 :  Invalid Param: DDR3_MMCM_MULT_F ==> 8
MIG: 20:47:08 :  Invalid Param: DDR3_MMCM_DIVCLK_DIVIDE ==> 1
MIG: 20:47:08 :  Invalid Param: DDR3_tCKE ==> 5625
MIG: 20:47:08 :  Invalid Param: DDR3_tFAW ==> 45000
MIG: 20:47:08 :  Invalid Param: DDR3_tPRDI ==> 1000000
MIG: 20:47:08 :  Invalid Param: DDR3_tRAS ==> 36000
MIG: 20:47:08 :  Invalid Param: DDR3_tRCD ==> 13500
MIG: 20:47:08 :  Invalid Param: DDR3_tREFI ==> 7800000
MIG: 20:47:08 :  Invalid Param: DDR3_tRFC ==> 110000
MIG: 20:47:08 :  Invalid Param: DDR3_tRP ==> 13500
MIG: 20:47:08 :  Invalid Param: DDR3_tRRD ==> 7500
MIG: 20:47:08 :  Invalid Param: DDR3_tRTP ==> 7500
MIG: 20:47:08 :  Invalid Param: DDR3_tWTR ==> 7500
MIG: 20:47:08 :  Invalid Param: DDR3_tZQI ==> 128000000
MIG: 20:47:08 :  Invalid Param: DDR3_tZQCS ==> 64
MIG: 20:47:08 :  Invalid Param: DDR3_SIM_BYPASS_INIT_CAL ==> "OFF"
MIG: 20:47:08 :  Invalid Param: DDR3_SIMULATION ==> "FALSE"
MIG: 20:47:08 :  Invalid Param: DDR3_BYTE_LANES_B0 ==> "1111"
MIG: 20:47:08 :  Invalid Param: DDR3_BYTE_LANES_B1 ==> "0000"
MIG: 20:47:08 :  Invalid Param: DDR3_BYTE_LANES_B2 ==> "0000"
MIG: 20:47:08 :  Invalid Param: DDR3_BYTE_LANES_B3 ==> "0000"
MIG: 20:47:08 :  Invalid Param: DDR3_BYTE_LANES_B4 ==> "0000"
MIG: 20:47:08 :  Invalid Param: DDR3_DATA_CTL_B0 ==> "1100"
MIG: 20:47:08 :  Invalid Param: DDR3_DATA_CTL_B1 ==> "0000"
MIG: 20:47:08 :  Invalid Param: DDR3_DATA_CTL_B2 ==> "0000"
MIG: 20:47:08 :  Invalid Param: DDR3_DATA_CTL_B3 ==> "0000"
MIG: 20:47:08 :  Invalid Param: DDR3_DATA_CTL_B4 ==> "0000"
MIG: 20:47:08 :  Invalid Param: DDR3_PHY_0_BITLANES ==> X"3FE3FEFFF3FF"
MIG: 20:47:08 :  Invalid Param: DDR3_PHY_1_BITLANES ==> X"000000000000"
MIG: 20:47:08 :  Invalid Param: DDR3_PHY_2_BITLANES ==> X"000000000000"
MIG: 20:47:08 :  Invalid Param: DDR3_CK_BYTE_MAP ==> X"000000000000000000000000000000000000"
MIG: 20:47:08 :  Invalid Param: DDR3_ADDR_MAP ==> X"00000000000200400900700100500600301001201401101A"
MIG: 20:47:08 :  Invalid Param: DDR3_BANK_MAP ==> X"01B017013"
MIG: 20:47:08 :  Invalid Param: DDR3_CAS_MAP ==> X"015"
MIG: 20:47:08 :  Invalid Param: DDR3_CKE_ODT_BYTE_MAP ==> X"00"
MIG: 20:47:08 :  Invalid Param: DDR3_CKE_MAP ==> X"000000000000000000000019"
MIG: 20:47:08 :  Invalid Param: DDR3_ODT_MAP ==> X"000000000000000000000008"
MIG: 20:47:08 :  Invalid Param: DDR3_CS_MAP ==> X"000000000000000000000000000000"
MIG: 20:47:08 :  Invalid Param: DDR3_PARITY_MAP ==> X"000"
MIG: 20:47:08 :  Invalid Param: DDR3_RAS_MAP ==> X"016"
MIG: 20:47:08 :  Invalid Param: DDR3_WE_MAP ==> X"018"
MIG: 20:47:08 :  Invalid Param: DDR3_DQS_BYTE_MAP ==> X"000000000000000000000000000000000203"
MIG: 20:47:08 :  Invalid Param: DDR3_DATA0_MAP ==> X"034032038035031037036033"
MIG: 20:47:08 :  Invalid Param: DDR3_DATA1_MAP ==> X"023026022028025027021024"
MIG: 20:47:08 :  Invalid Param: DDR3_DATA2_MAP ==> X"000000000000000000000000"
MIG: 20:47:08 :  Invalid Param: DDR3_DATA3_MAP ==> X"000000000000000000000000"
MIG: 20:47:08 :  Invalid Param: DDR3_DATA4_MAP ==> X"000000000000000000000000"
MIG: 20:47:08 :  Invalid Param: DDR3_DATA5_MAP ==> X"000000000000000000000000"
MIG: 20:47:08 :  Invalid Param: DDR3_DATA6_MAP ==> X"000000000000000000000000"
MIG: 20:47:08 :  Invalid Param: DDR3_DATA7_MAP ==> X"000000000000000000000000"
MIG: 20:47:08 :  Invalid Param: DDR3_DATA8_MAP ==> X"000000000000000000000000"
MIG: 20:47:08 :  Invalid Param: DDR3_DATA9_MAP ==> X"000000000000000000000000"
MIG: 20:47:08 :  Invalid Param: DDR3_DATA10_MAP ==> X"000000000000000000000000"
MIG: 20:47:08 :  Invalid Param: DDR3_DATA11_MAP ==> X"000000000000000000000000"
MIG: 20:47:08 :  Invalid Param: DDR3_DATA12_MAP ==> X"000000000000000000000000"
MIG: 20:47:08 :  Invalid Param: DDR3_DATA13_MAP ==> X"000000000000000000000000"
MIG: 20:47:08 :  Invalid Param: DDR3_DATA14_MAP ==> X"000000000000000000000000"
MIG: 20:47:08 :  Invalid Param: DDR3_DATA15_MAP ==> X"000000000000000000000000"
MIG: 20:47:08 :  Invalid Param: DDR3_DATA16_MAP ==> X"000000000000000000000000"
MIG: 20:47:08 :  Invalid Param: DDR3_DATA17_MAP ==> X"000000000000000000000000"
MIG: 20:47:08 :  Invalid Param: DDR3_MASK0_MAP ==> X"000000000000000000000029039"
MIG: 20:47:08 :  Invalid Param: DDR3_MASK1_MAP ==> X"000000000000000000000000000"
MIG: 20:47:08 :  Invalid Param: DDR3_SLOT_0_CONFIG ==> "00000001"
MIG: 20:47:08 :  Invalid Param: DDR3_SLOT_1_CONFIG ==> "00000000"
MIG: 20:47:08 :  Invalid Param: DDR3_IBUF_LPWR_MODE ==> "OFF"
MIG: 20:47:08 :  Invalid Param: DDR3_DATA_IO_IDLE_PWRDWN ==> "OFF"
MIG: 20:47:08 :  Invalid Param: DDR3_BANK_TYPE ==> "HR_IO"
MIG: 20:47:08 :  Invalid Param: DDR3_DATA_IO_PRIM_TYPE ==> "DEFAULT"
MIG: 20:47:08 :  Invalid Param: DDR3_CKE_ODT_AUX ==> "FALSE"
MIG: 20:47:08 :  Invalid Param: DDR3_USER_REFRESH ==> "OFF"
MIG: 20:47:08 :  Invalid Param: DDR3_WRLVL ==> "ON"
MIG: 20:47:08 :  Invalid Param: DDR3_ORDERING ==> "STRICT"
MIG: 20:47:08 :  Invalid Param: DDR3_CALIB_ROW_ADD ==> X"0000"
MIG: 20:47:08 :  Invalid Param: DDR3_CALIB_COL_ADD ==> X"000"
MIG: 20:47:08 :  Invalid Param: DDR3_CALIB_BA_ADD ==> "000"
MIG: 20:47:08 :  Invalid Param: DDR3_TCQ ==> 100
MIG: 20:47:08 :  Invalid Param: DDR3_IDELAY_ADJ ==> "OFF"
MIG: 20:47:08 :  Invalid Param: DDR3_FINE_PER_BIT ==> "OFF"
MIG: 20:47:08 :  Invalid Param: DDR3_CENTER_COMP_MODE ==> "OFF"
MIG: 20:47:08 :  Invalid Param: DDR3_PI_VAL_ADJ ==> "OFF"
MIG: 20:47:08 :  Invalid Param: DDR3_IODELAY_GRP0 ==> "MIG_7SERIES_0_IODELAY_MIG0"
MIG: 20:47:08 :  Invalid Param: DDR3_IODELAY_GRP1 ==> "MIG_7SERIES_0_IODELAY_MIG1"
MIG: 20:47:08 :  Invalid Param: DDR3_SYSCLK_TYPE ==> "DIFFERENTIAL"
MIG: 20:47:08 :  Invalid Param: DDR3_REFCLK_TYPE ==> "DIFFERENTIAL"
MIG: 20:47:08 :  Invalid Param: DDR3_SYS_RST_PORT ==> "FALSE"
MIG: 20:47:08 :  Invalid Param: DDR3_FPGA_SPEED_GRADE ==> 1
MIG: 20:47:08 :  Invalid Param: DDR3_CMD_PIPE_PLUS1 ==> "ON"
MIG: 20:47:08 :  Invalid Param: DDR3_DRAM_TYPE ==> "DDR3"
MIG: 20:47:08 :  Invalid Param: DDR3_CAL_WIDTH ==> "HALF"
MIG: 20:47:08 :  Invalid Param: DDR3_STARVE_LIMIT ==> 2
MIG: 20:47:08 :  Invalid Param: DDR3_REF_CLK_MMCM_IODELAY_CTRL ==> "FALSE"
MIG: 20:47:08 :  Invalid Param: DDR3_REFCLK_FREQ ==> 200.0
MIG: 20:47:08 :  Invalid Param: DDR3_DIFF_TERM_REFCLK ==> "TRUE"
MIG: 20:47:08 :  Invalid Param: DDR3_tCK ==> 2500
MIG: 20:47:08 : 4
MIG: 20:47:08 :  Valid Param: DDR3_nCK_PER_CLK ==> 4
MIG: 20:47:08 :  Invalid Param: DDR3_DIFF_TERM_SYSCLK ==> "TRUE"
MIG: 20:47:08 : 
MIG: 20:47:08 :  Valid Param: DDR3_DEBUG_PORT ==> OFF
MIG: 20:47:08 : 
MIG: 20:47:08 :  Invalid Param: DDR3_TEMP_MON_CONTROL ==> "EXTERNAL"
MIG: 20:47:08 :  Invalid Param: DDR3_RST_ACT_LOW ==> 0
MIG: 20:47:08 : 
MIG: 20:47:08 : 
MIG: 20:47:08 : 
MIG: 20:47:08 : Same Interface
MIG: 20:49:11 : Running synthesis.xit
MIG: 20:49:12 : IGN:     <ModuleName>mig_7series_0</ModuleName> <==>     <ModuleName>mig_7series_0</ModuleName> 
MIG: 20:49:12 : IGN:         <InputClkFreq>160</InputClkFreq> <==>         <InputClkFreq>160</InputClkFreq> 
MIG: 20:49:12 : Running vhdl_synth_rpr.xit
MIG: 20:49:12 : IGN:     <ModuleName>mig_7series_0</ModuleName> <==>     <ModuleName>mig_7series_0</ModuleName> 
MIG: 20:49:12 : IGN:         <InputClkFreq>160</InputClkFreq> <==>         <InputClkFreq>160</InputClkFreq> 
MIG: 20:49:12 : Running simulation.xit
MIG: 20:49:12 : IGN:     <ModuleName>mig_7series_0</ModuleName> <==>     <ModuleName>mig_7series_0</ModuleName> 
MIG: 20:49:12 : IGN:         <InputClkFreq>160</InputClkFreq> <==>         <InputClkFreq>160</InputClkFreq> 
MIG: 20:49:12 : Running vhdl_sim_rpr.xit
MIG: 20:49:12 : IGN:     <ModuleName>mig_7series_0</ModuleName> <==>     <ModuleName>mig_7series_0</ModuleName> 
MIG: 20:49:12 : IGN:         <InputClkFreq>160</InputClkFreq> <==>         <InputClkFreq>160</InputClkFreq> 
MIG: 20:49:13 : Running implementation.xit
MIG: 20:49:13 : IGN:     <ModuleName>mig_7series_0</ModuleName> <==>     <ModuleName>mig_7series_0</ModuleName> 
MIG: 20:49:13 : IGN:         <InputClkFreq>160</InputClkFreq> <==>         <InputClkFreq>160</InputClkFreq> 
